Arguments: 
  /data/data/com.termux/files/usr/bin/node /data/data/com.termux/files/usr/share/yarn/bin/yarn.js

PATH: 
  /data/data/com.termux/files/usr/bin

Yarn version: 
  1.22.19

Node version: 
  18.10.0

Platform: 
  android arm64

Trace: 
  Error: EACCES: permission denied, symlink '../../../../similarity/cli.js' -> '/storage/emulated/0/alpha/node_modules/@bochilteam/scraper/node_modules/.bin/similarity'

npm manifest: 
  {
    "name": "ballbotv2",
    "version": "0.29.9",
    "description": "Ballbot adalah bot whatsapp yang dibuat dengan type module dan di update secara berkala",
    "main": "main.js",
    "type": "module",
    "scripts": {
      "start": "node --max-old-space-size=4096 main.js"
    },
    "repository": {
      "type": "git",
      "url": "git+https://github.com/bolaxd/ballbotV2.git"
    },
    "keywords": [
      "bot",
      "whatsapp",
      "multi",
      "device",
      "multi",
      "auth",
      "state",
      "multi",
      "fungsi",
      "hehe",
      "boy",
      "bang"
    ],
    "author": "bolaxd",
    "license": "ISC",
    "bugs": {
      "url": "https://github.com/bolaxd/ballbotV2/issues"
    },
    "homepage": "https://github.com/bolaxd/ballbotV2#readme",
    "dependencies": {
      "@adiwajshing/keyed-db": "^0.2.4",
      "@bochilteam/scraper": "^3.0.0",
      "@vitalets/google-translate-api": "^9.0.0",
      "axios": "^1.1.3",
      "baileys": "^5.0.8",
      "brainly-scraper-v2": "^2.0.15",
      "chalk-animation": "^2.0.3",
      "figlet": "^1.5.2",
      "fluent-ffmpeg": "^2.1.2",
      "form-data": "^4.0.0",
      "got": "^12.5.2",
      "jimp": "^0.16.2",
      "jsdom": "^20.0.2",
      "jszip": "^3.10.1",
      "lodash": "^4.17.21",
      "lolcatjs": "^2.4.1",
      "lowdb": "^5.0.5",
      "node-fetch": "^3.2.10",
      "node-webpmux": "^3.1.3",
      "qrcode": "^1.5.1",
      "qrcode-terminal": "^0.12.0",
      "similarity": "^1.2.1",
      "ts-eval": "^1.0.5"
    }
  }

yarn manifest: 
  No manifest

Lockfile: 
  No lockfile
